UASM v2.57, Aug 10 2024, Masm-compatible assembler.

./snake.asm

                                                .686p
                                                .mmx
                                                .model large

                                ; ===========================================================================

                                ; Segment type: Pure data
00000000                        DATA            segment para stack 'DATA' use16
                                                assume cs:DATA
00000000  57656C636F6D652074    msg             db 'Welcome to the snake game!!',0
                                                                        ; DATA XREF: main+F\u2193o
                                                                        ; main+30\u2193o
0000001C  0A                    instructions    db 0Ah                  ; DATA XREF: main+19\u2193o
0000001D  0D55736520612C2073                    db 0Dh,'Use a, s, d and w to control your snake',0Ah
00000046  0D557365207120616E                    db 0Dh,'Use q anytime to quit',0Dh,0Ah
0000005E  507265737320616E79                    db 'Press any key to continue$'
00000078  5468616E6B7320666F    aThanksForPlayi db 'Thanks for playing! hope you enjoyed',0
                                                                        ; DATA XREF: main+7C\u2193o
0000009D  4F4F5053212120796F    gameovermsg     db 'OOPS!! your snake died! :P ',0
                                                                        ; DATA XREF: main+63\u2193o
000000B9  53636F72653A2000      scoremsg        db 'Score: ',0          ; DATA XREF: draw\u2193o
000000C1  5E                    head            db '^'                  ; DATA XREF: draw+1A\u2193o
                                                                        ; keyboardfunctions+D\u2193r ...
000000C2  0A                                    db 0Ah
000000C3  0A                                    db 0Ah
000000C4  2A                    body            db '*'                  ; DATA XREF: shiftsnake+80\u2193o
000000C5  0A                                    db  0Ah
000000C6  0B                                    db 0Bh
000000C7  00                                    db    0
000000C8  00                                    db    0
000000C9  00                                    db    0
000000CA  00                                    db    0
000000CB  00                                    db    0
000000CC  00                                    db    0
000000CD  00                                    db    0
000000CE  00                                    db    0
000000CF  00                                    db    0
000000D0  00                                    db    0
000000D1  00                                    db    0
000000D2  00                                    db    0
000000D3  00                                    db    0
000000D4  00                                    db    0
000000D5  00                                    db    0
000000D6  00                                    db    0
000000D7  00                                    db    0
000000D8  00                                    db    0
000000D9  00                                    db    0
000000DA  00                                    db    0
000000DB  00                                    db    0
000000DC  00                                    db    0
000000DD  00                                    db    0
000000DE  00                                    db    0
000000DF  00                                    db    0
000000E0  00                                    db    0
000000E1  00                                    db    0
000000E2  00                                    db    0
000000E3  00                                    db    0
000000E4  00                                    db    0
000000E5  00                                    db    0
000000E6  00                                    db    0
000000E7  00                                    db    0
000000E8  00                                    db    0
000000E9  00                                    db    0
000000EA  00                                    db    0
000000EB  00                                    db    0
000000EC  00                                    db    0
000000ED  00                                    db    0
000000EE  00                                    db    0
000000EF  00                                    db    0
000000F0  00                                    db    0
000000F1  00                                    db    0
000000F2  00                                    db    0
000000F3  00                                    db    0
000000F4  01                    segmentcount    db 1                    ; DATA XREF: draw+10\u2193r
                                                                        ; shiftsnake:loc_10371\u2193r ...
000000F5  01                    fruitactive     db 1                    ; DATA XREF: fruitgeneration:loc_101AB\u2193r
                                                                        ; draw+3C\u2193w ...
000000F6  08                    fruitx          db 8                    ; DATA XREF: fruitgeneration+4\u2193r
                                                                        ; fruitgeneration+33\u2193w ...
000000F7  08                    fruity          db 8                    ; DATA XREF: fruitgeneration\u2193r
                                                                        ; fruitgeneration+20\u2193w ...
000000F8  00                    gameover        db 0                    ; DATA XREF: main+3D\u2193r
                                                                        ; shiftsnake:loc_1036C\u2193w
000000F9  00                    quit            db 0                    ; DATA XREF: main+47\u2193r
                                                                        ; keyboardfunctions:loc_102F1\u2193w
000000FA  05                    delaytime       db 5                    ; DATA XREF: main+5B\u2193w
                                                                        ; main+74\u2193w ...
000000FB  00                                    db 0
000000FC  00                                    db    0
000000FD  00                                    db    0
000000FE  00                                    db    0
000000FF  00                                    db    0
00000100                         ; ===========================================================================

                                ; Segment type: Pure code
00000000                        seg001          segment byte public 'CODE' use16
                                 ; =============== S U B R O U T I N E =======================================

                                ; Attributes: noreturn

                                ; int __cdecl main(int argc, const char **argv, const char **envp)
00000000                        main            proc near

 = 2                            argc            = dword ptr  2
 = 6                            argv            = dword ptr  6
 = A                            envp            = dword ptr  0Ah

00000000  B80000                                mov     ax, seg DATA
00000003  8ED8                                  mov     ds, ax
00000005  B800B8                                mov     ax, 0B800h
00000008  8EC0                                  mov     es, ax
0000000A  B80300                                mov     ax, 3
0000000D  CD10                                  int     10h             ; - VIDEO - SET VIDEO MODE
                                                                        ; AL = mode
0000000F  BA0000                                mov     dx, 0
00000012  B409                                  mov     ah, 9
00000014  CD21                                  int     21h             ; DOS - PRINT STRING
                                                                        ; DS:DX -> string terminated by "$"
00000016  B407                                  mov     ah, 7
00000018  CD21                                  int     21h             ; DOS - DIRECT STDIN INPUT, NO ECHO
0000001A  B80300                                mov     ax, 3
0000001D  CD10                                  int     10h             ; - VIDEO - SET VIDEO MODE
                                                                        ; AL = mode
0000001F  B8004C                                mov     ax, 4C00h
00000022  CD21                                  int     21h             ; DOS - 2+ - QUIT WITH EXIT CODE (EXIT)
00000024                        main            endp                    ; AL = exit code


00000024                        delay           proc near               ; CODE XREF: main:loc_1012D\u2191p
                                                                        ; main+6A\u2191p ...
00000024  B400                                  mov     ah, 0
00000026  CD1A                                  int     1Ah             ; CLOCK - GET TIME OF DAY
                                                                        ; Return: CX:DX = clock count
                                                                        ; AL = 00h if clock was read or written (via AH=0,1) since the previous
                                                                        ; midnight
                                                                        ; Otherwise, AL > 0
00000028  8BDA                                  mov     bx, dx

0000002A                        loc_10198:                              ; CODE XREF: delay+E\u2193j
0000002A  CD1A                                  int     1Ah
0000002C  2BD3                                  sub     dx, bx
0000002E  7CFA                                  jl      short loc_10198
00000030  C3                                    retn
00000031                        delay           endp


                                ; =============== S U B R O U T I N E =======================================


00000031                        fruitgeneration proc near               ; CODE XREF: main+4E\u2191p
00000031  8A2E0000                              mov     ch, fruity
00000035  8A0E0000                              mov     cl, fruitx

00000039                        loc_101AB:                              ; CODE XREF: fruitgeneration+47\u2193j
                                                                        ; fruitgeneration+4E\u2193j ...
00000039  803E000001                            cmp     fruitactive, 1
0000003E  746F                                  jz      short locret_10221
00000040  B400                                  mov     ah, 0
00000042  CD1A                                  int     1Ah             ; CLOCK - GET TIME OF DAY
                                                                        ; Return: CX:DX = clock count
                                                                        ; AL = 00h if clock was read or written (via AH=0,1) since the previous
                                                                        ; midnight
                                                                        ; Otherwise, AL > 0
00000044  52                                    push    dx
00000045  8BC2                                  mov     ax, dx
00000047  33D2                                  xor     dx, dx
00000049  32FF                                  xor     bh, bh
0000004B  B30F                                  mov     bl, 15
0000004D  FECB                                  dec     bl
0000004F  F7F3                                  div     bx
00000051  88160000                              mov     fruity, dl
00000055  FE060000                              inc     fruity
00000059  58                                    pop     ax
0000005A  B328                                  mov     bl, 40
0000005C  FECA                                  dec     dl
0000005E  32FF                                  xor     bh, bh
00000060  33D2                                  xor     dx, dx
00000062  F7F3                                  div     bx
00000064  88160000                              mov     fruitx, dl
00000068  FE060000                              inc     fruitx
0000006C  380E0000                              cmp     fruitx, cl
00000070  7508                                  jnz     short loc_101EC
00000072  382E0000                              cmp     fruity, ch
00000076  7502                                  jnz     short loc_101EC
00000078  EBBF                                  jmp     short loc_101AB
                                ; ---------------------------------------------------------------------------

0000007A                        loc_101EC:                              ; CODE XREF: fruitgeneration+3F\u2191j
                                                                        ; fruitgeneration+45\u2191j
0000007A  A00000                                mov     al, fruitx
0000007D  D0C8                                  ror     al, 1
0000007F  72B8                                  jb      short loc_101AB
00000081  8006000002                            add     fruity, 2
00000086  8006000000                            add     fruitx, 0
0000008B  8A360000                              mov     dh, fruity
0000008F  8A160000                              mov     dl, fruitx
00000093  E8F101                                call    readcharat
00000096  80FB2A                                cmp     bl, '*'
00000099  749E                                  jz      short loc_101AB
0000009B  80FB5E                                cmp     bl, '^'
0000009E  7499                                  jz      short loc_101AB
000000A0  80FB3C                                cmp     bl, '<'
000000A3  7494                                  jz      short loc_101AB
000000A5  80FB3E                                cmp     bl, '>'
000000A8  748F                                  jz      short loc_101AB
000000AA  80FB76                                cmp     bl, 'v'
000000AD  748A                                  jz      short loc_101AB

000000AF                        locret_10221:                           ; CODE XREF: fruitgeneration+D\u2191j
000000AF  C3                                    retn
000000B0                        fruitgeneration endp


                                ; =============== S U B R O U T I N E =======================================


000000B0                        dispdigit       proc near               ; CODE XREF: dispnum+10\u2193p
000000B0  80C230                                add     dl, 30h ; '0'
000000B3  B402                                  mov     ah, 2
000000B5  CD21                                  int     21h             ; DOS - DISPLAY OUTPUT
                                                                        ; DL = character to send to standard output
000000B7  C3                                    retn
000000B8                        dispdigit       endp


                                ; =============== S U B R O U T I N E =======================================


000000B8                        dispnum         proc near               ; CODE XREF: dispnum+C\u2193p
                                                                        ; draw+17\u2193p
000000B8  85C0                                  test    ax, ax
000000BA  7410                                  jz      short loc_1023E
000000BC  33D2                                  xor     dx, dx
000000BE  BB0A00                                mov     bx, 10
000000C1  F7F3                                  div     bx
000000C3  52                                    push    dx
000000C4  E8F1FF                                call    dispnum
000000C7  5A                                    pop     dx
000000C8  E8E5FF                                call    dispdigit
000000CB  C3                                    retn
                                ; ---------------------------------------------------------------------------

000000CC                        loc_1023E:                              ; CODE XREF: dispnum+2\u2191j
000000CC  B402                                  mov     ah, 2
000000CE  C3                                    retn
000000CF                        dispnum         endp


                                ; =============== S U B R O U T I N E =======================================


000000CF                        setcursorpos    proc near               ; CODE XREF: draw+D\u2193p
000000CF  B402                                  mov     ah, 2
000000D1  53                                    push    bx
000000D2  B700                                  mov     bh, 0
000000D4  CD10                                  int     10h             ; - VIDEO - SET CURSOR POSITION
                                                                        ; DH,DL = row, column (0,0 = upper left)
                                                                        ; BH = page number
000000D6  5B                                    pop     bx
000000D7  C3                                    retn
000000D8                        setcursorpos    endp


                                ; =============== S U B R O U T I N E =======================================


000000D8                        draw            proc near               ; CODE XREF: main+51\u2191p
000000D8  8D1E0000                              lea     bx, scoremsg    ; "Score: "
000000DC  BA0901                                mov     dx, 109h
000000DF  E8D001                                call    writestringat
000000E2  83C207                                add     dx, 7
000000E5  E8E7FF                                call    setcursorpos
000000E8  A00000                                mov     al, segmentcount
000000EB  FEC8                                  dec     al
000000ED  32E4                                  xor     ah, ah
000000EF  E8C6FF                                call    dispnum
000000F2  8D360000                              lea     si, head

000000F6                        loc_10268:                              ; CODE XREF: draw+2D\u2193j
000000F6  8A1C                                  mov     bl, [si]
000000F8  84DB                                  test    bl, bl
000000FA  740B                                  jz      short loc_10279
000000FC  8B5401                                mov     dx, [si+1]
000000FF  E85A01                                call    writecharat
00000102  83C603                                add     si, 3
00000105  EBEF                                  jmp     short loc_10268
                                ; ---------------------------------------------------------------------------

00000107                        loc_10279:                              ; CODE XREF: draw+22\u2191j
00000107  B346                                  mov     bl, 'F'
00000109  8A360000                              mov     dh, fruity
0000010D  8A160000                              mov     dl, fruitx
00000111  E84801                                call    writecharat
00000114  C606000001                            mov     fruitactive, 1
00000119  C3                                    retn
0000011A                        draw            endp


                                ; =============== S U B R O U T I N E =======================================


0000011A                        readchar        proc near               ; CODE XREF: keyboardfunctions\u2193p
0000011A  B401                                  mov     ah, 1
0000011C  CD16                                  int     16h             ; KEYBOARD - CHECK BUFFER, DO NOT CLEAR
                                                                        ; Return: ZF clear if character in buffer
                                                                        ; AH = scan code, AL = character
                                                                        ; ZF set if no character in buffer
0000011E  7503                                  jnz     short loc_10295
00000120  32D2                                  xor     dl, dl
00000122  C3                                    retn
                                ; ---------------------------------------------------------------------------

00000123                        loc_10295:                              ; CODE XREF: readchar+4\u2191j
00000123  B400                                  mov     ah, 0
00000125  CD16                                  int     16h             ; KEYBOARD - READ CHAR FROM BUFFER, WAIT IF EMPTY
                                                                        ; Return: AH = scan code, AL = character
00000127  8AD0                                  mov     dl, al
00000129  C3                                    retn
0000012A                        readchar        endp


                                ; =============== S U B R O U T I N E =======================================


0000012A                        keyboardfunctions proc near             ; CODE XREF: main+44\u2191p
0000012A  E8EDFF                                call    readchar
0000012D  80FA00                                cmp     dl, 0
00000130  7447                                  jz      short loc_102EB
00000132  80FA77                                cmp     dl, 'w'
00000135  750D                                  jnz     short loc_102B6
00000137  803E000076                            cmp     head, 'v'
0000013C  743B                                  jz      short loc_102EB
0000013E  C60600005E                            mov     head, '^'
00000143  C3                                    retn
                                ; ---------------------------------------------------------------------------

00000144                        loc_102B6:                              ; CODE XREF: keyboardfunctions+B\u2191j
00000144  80FA73                                cmp     dl, 's'
00000147  750D                                  jnz     short loc_102C8
00000149  803E00005E                            cmp     head, '^'
0000014E  7429                                  jz      short loc_102EB
00000150  C606000076                            mov     head, 'v'
00000155  C3                                    retn
                                ; ---------------------------------------------------------------------------

00000156                        loc_102C8:                              ; CODE XREF: keyboardfunctions+1D\u2191j
00000156  80FA61                                cmp     dl, 'a'
00000159  750D                                  jnz     short loc_102DA
0000015B  803E00003E                            cmp     head, '>'
00000160  7417                                  jz      short loc_102EB
00000162  C60600003C                            mov     head, '<'
00000167  C3                                    retn
                                ; ---------------------------------------------------------------------------

00000168                        loc_102DA:                              ; CODE XREF: keyboardfunctions+2F\u2191j
00000168  80FA64                                cmp     dl, 'd'
0000016B  750C                                  jnz     short loc_102EB
0000016D  803E00003C                            cmp     head, '<'
00000172  7405                                  jz      short loc_102EB
00000174  C60600003E                            mov     head, '>'

00000179                        loc_102EB:                              ; CODE XREF: keyboardfunctions+6\u2191j
                                                                        ; keyboardfunctions+12\u2191j ...
00000179  80FA71                                cmp     dl, 'q'
0000017C  7401                                  jz      short loc_102F1
0000017E  C3                                    retn
                                ; ---------------------------------------------------------------------------

0000017F                        loc_102F1:                              ; CODE XREF: keyboardfunctions+52\u2191j
0000017F  FE060000                              inc     quit
00000183  C3                                    retn
00000184                        keyboardfunctions endp


                                ; =============== S U B R O U T I N E =======================================


00000184                        shiftsnake      proc near               ; CODE XREF: main+3A\u2191p
00000184  BB0000                                mov     bx, offset head
00000187  33C0                                  xor     ax, ax
00000189  8A07                                  mov     al, [bx]
0000018B  50                                    push    ax
0000018C  43                                    inc     bx
0000018D  8B07                                  mov     ax, [bx]
0000018F  43                                    inc     bx
00000190  43                                    inc     bx
00000191  33C9                                  xor     cx, cx

00000193                        loc_10305:                              ; CODE XREF: shiftsnake+1F\u2193j
00000193  8B37                                  mov     si, [bx]
00000195  8537                                  test    [bx], si
00000197  740C                                  jz      short loc_10317
00000199  41                                    inc     cx
0000019A  43                                    inc     bx
0000019B  8B17                                  mov     dx, [bx]
0000019D  8907                                  mov     [bx], ax
0000019F  8BC2                                  mov     ax, dx
000001A1  43                                    inc     bx
000001A2  43                                    inc     bx
000001A3  EBEE                                  jmp     short loc_10305
                                ; ---------------------------------------------------------------------------

000001A5                        loc_10317:                              ; CODE XREF: shiftsnake+13\u2191j
000001A5  58                                    pop     ax
000001A6  52                                    push    dx
000001A7  8D1E0000                              lea     bx, head
000001AB  43                                    inc     bx
000001AC  8B17                                  mov     dx, [bx]
000001AE  3C3C                                  cmp     al, '<'
000001B0  7506                                  jnz     short loc_1032A
000001B2  FECA                                  dec     dl
000001B4  FECA                                  dec     dl
000001B6  EB14                                  jmp     short loc_1033E
                                ; ---------------------------------------------------------------------------

000001B8                        loc_1032A:                              ; CODE XREF: shiftsnake+2C\u2191j
000001B8  3C3E                                  cmp     al, 3Eh ; '>'
000001BA  7506                                  jnz     short loc_10334
000001BC  FEC2                                  inc     dl
000001BE  FEC2                                  inc     dl
000001C0  EB0A                                  jmp     short loc_1033E
                                ; ---------------------------------------------------------------------------

000001C2                        loc_10334:                              ; CODE XREF: shiftsnake+36\u2191j
000001C2  3C5E                                  cmp     al, '^'
000001C4  7504                                  jnz     short loc_1033C
000001C6  FECE                                  dec     dh
000001C8  EB02                                  jmp     short loc_1033E
                                ; ---------------------------------------------------------------------------

000001CA                        loc_1033C:                              ; CODE XREF: shiftsnake+40\u2191j
000001CA  FEC6                                  inc     dh

000001CC                        loc_1033E:                              ; CODE XREF: shiftsnake+32\u2191j
                                                                        ; shiftsnake+3C\u2191j ...
000001CC  8917                                  mov     [bx], dx
000001CE  E8B600                                call    readcharat
000001D1  80FB46                                cmp     bl, 'F'
000001D4  7429                                  jz      short loc_10371
000001D6  8BCA                                  mov     cx, dx
000001D8  5A                                    pop     dx
000001D9  80FB2A                                cmp     bl, '*'
000001DC  741C                                  jz      short loc_1036C
000001DE  B300                                  mov     bl, 0
000001E0  E87900                                call    writecharat
000001E3  8BD1                                  mov     dx, cx
000001E5  80FE02                                cmp     dh, 2
000001E8  7410                                  jz      short loc_1036C
000001EA  80FE11                                cmp     dh, 11h
000001ED  740B                                  jz      short loc_1036C
000001EF  80FA00                                cmp     dl, 0
000001F2  7406                                  jz      short loc_1036C
000001F4  80FA28                                cmp     dl, 28h ; '('
000001F7  7401                                  jz      short loc_1036C
000001F9  C3                                    retn
                                ; ---------------------------------------------------------------------------

000001FA                        loc_1036C:                              ; CODE XREF: shiftsnake+58\u2191j
                                                                        ; shiftsnake+64\u2191j ...
000001FA  FE060000                              inc     gameover
000001FE  C3                                    retn
                                ; ---------------------------------------------------------------------------

000001FF                        loc_10371:                              ; CODE XREF: shiftsnake+50\u2191j
000001FF  A00000                                mov     al, segmentcount
00000202  32E4                                  xor     ah, ah
00000204  8D1E0000                              lea     bx, body
00000208  B90300                                mov     cx, 3
0000020B  F7E1                                  mul     cx
0000020D  5A                                    pop     dx
0000020E  03D8                                  add     bx, ax
00000210  C6072A                                mov     byte ptr [bx], '*'
00000213  895701                                mov     [bx+1], dx
00000216  FE060000                              inc     segmentcount
0000021A  8A360000                              mov     dh, fruity
0000021E  8A160000                              mov     dl, fruitx
00000222  B300                                  mov     bl, 0
00000224  E83500                                call    writecharat
00000227  C606000000                            mov     fruitactive, 0
0000022C  C3                                    retn
0000022D                        shiftsnake      endp


                                ; =============== S U B R O U T I N E =======================================


0000022D                        printbox        proc near               ; CODE XREF: main+2A\u2191p
0000022D  B602                                  mov     dh, 2
0000022F  B200                                  mov     dl, 0
00000231  B92800                                mov     cx, 28h ; '('
00000234  B32A                                  mov     bl, '*'

00000236                        loc_103A8:                              ; CODE XREF: printbox+E\u2193j
00000236  E82300                                call    writecharat
00000239  FEC2                                  inc     dl
0000023B  E2F9                                  loop    loc_103A8
0000023D  B90F00                                mov     cx, 0Fh

00000240                        loc_103B2:                              ; CODE XREF: printbox+18\u2193j
00000240  E81900                                call    writecharat
00000243  FEC6                                  inc     dh
00000245  E2F9                                  loop    loc_103B2
00000247  B92800                                mov     cx, 28h ; '('

0000024A                        loc_103BC:                              ; CODE XREF: printbox+22\u2193j
0000024A  E80F00                                call    writecharat
0000024D  FECA                                  dec     dl
0000024F  E2F9                                  loop    loc_103BC
00000251  B90F00                                mov     cx, 0Fh

00000254                        loc_103C6:                              ; CODE XREF: printbox+2C\u2193j
00000254  E80500                                call    writecharat
00000257  FECE                                  dec     dh
00000259  E2F9                                  loop    loc_103C6
0000025B  C3                                    retn
0000025C                        printbox        endp


                                ; =============== S U B R O U T I N E =======================================


0000025C                        writecharat     proc near               ; CODE XREF: draw+27\u2191p
                                                                        ; draw+39\u2191p ...
0000025C  52                                    push    dx
0000025D  8BC2                                  mov     ax, dx
0000025F  2500FF                                and     ax, 0FF00h
00000262  D1E8                                  shr     ax, 1
00000264  D1E8                                  shr     ax, 1
00000266  D1E8                                  shr     ax, 1
00000268  D1E8                                  shr     ax, 1
0000026A  D1E8                                  shr     ax, 1
0000026C  D1E8                                  shr     ax, 1
0000026E  D1E8                                  shr     ax, 1
00000270  D1E8                                  shr     ax, 1
00000272  53                                    push    bx
00000273  B7A0                                  mov     bh, 0A0h ; 'Ā'
00000275  F6E7                                  mul     bh
00000277  5B                                    pop     bx
00000278  81E2FF00                              and     dx, 0FFh
0000027C  D1E2                                  shl     dx, 1
0000027E  03C2                                  add     ax, dx
00000280  8BF8                                  mov     di, ax
00000282  26881D                                mov     es:[di], bl
00000285  5A                                    pop     dx
00000286  C3                                    retn
00000287                        writecharat     endp


                                ; =============== S U B R O U T I N E =======================================


00000287                        readcharat      proc near               ; CODE XREF: fruitgeneration+62\u2191p
                                                                        ; shiftsnake+4A\u2191p
00000287  52                                    push    dx
00000288  8BC2                                  mov     ax, dx
0000028A  2500FF                                and     ax, 0FF00h
0000028D  D1E8                                  shr     ax, 1
0000028F  D1E8                                  shr     ax, 1
00000291  D1E8                                  shr     ax, 1
00000293  D1E8                                  shr     ax, 1
00000295  D1E8                                  shr     ax, 1
00000297  D1E8                                  shr     ax, 1
00000299  D1E8                                  shr     ax, 1
0000029B  D1E8                                  shr     ax, 1
0000029D  53                                    push    bx
0000029E  B7A0                                  mov     bh, 0A0h ; 'Ā'
000002A0  F6E7                                  mul     bh
000002A2  5B                                    pop     bx
000002A3  81E2FF00                              and     dx, 0FFh
000002A7  D1E2                                  shl     dx, 1
000002A9  03C2                                  add     ax, dx
000002AB  8BF8                                  mov     di, ax
000002AD  268A1D                                mov     bl, es:[di]
000002B0  5A                                    pop     dx
000002B1  C3                                    retn
000002B2                        readcharat      endp


                                ; =============== S U B R O U T I N E =======================================


000002B2                        writestringat   proc near               ; CODE XREF: main+16\u2191p
                                                                        ; main+37\u2191p ...
000002B2  52                                    push    dx
000002B3  8BC2                                  mov     ax, dx
000002B5  2500FF                                and     ax, 0FF00h
000002B8  D1E8                                  shr     ax, 1
000002BA  D1E8                                  shr     ax, 1
000002BC  D1E8                                  shr     ax, 1
000002BE  D1E8                                  shr     ax, 1
000002C0  D1E8                                  shr     ax, 1
000002C2  D1E8                                  shr     ax, 1
000002C4  D1E8                                  shr     ax, 1
000002C6  D1E8                                  shr     ax, 1
000002C8  53                                    push    bx
000002C9  B7A0                                  mov     bh, 0A0h ; 'Ā'
000002CB  F6E7                                  mul     bh
000002CD  5B                                    pop     bx
000002CE  81E2FF00                              and     dx, 0FFh
000002D2  D1E2                                  shl     dx, 1
000002D4  03C2                                  add     ax, dx
000002D6  8BF8                                  mov     di, ax

000002D8                        loc_1044A:                              ; CODE XREF: writestringat+32\u2193j
000002D8  8A07                                  mov     al, [bx]
000002DA  84C0                                  test    al, al
000002DC  7408                                  jz      short loc_10458
000002DE  268805                                mov     es:[di], al
000002E1  47                                    inc     di
000002E2  47                                    inc     di
000002E3  43                                    inc     bx
000002E4  EBF2                                  jmp     short loc_1044A
                                ; ---------------------------------------------------------------------------

000002E6                        loc_10458:                              ; CODE XREF: writestringat+2A\u2191j
000002E6  5A                                    pop     dx
000002E7  C3                                    retn
000002E8                        writestringat   endp

00                                                end main


Binary Map:

Segment                  Pos(file)     RVA  Size(fil) Size(mem)
---------------------------------------------------------------
<header>                        0        0        30         0
SNAKE_TEXT                     30        0         0         0
_DATA                          30        0         0         0
DATA                           30        0       100       100
seg001                        130      100       2E8       2E8
---------------------------------------------------------------
                                                 418       3E8


Macros:

                N a m e                 Type

@CatStr  . . . . . . . . . . . .        Func
@Environ . . . . . . . . . . . .        Func
@InStr . . . . . . . . . . . . .        Func
@SizeStr . . . . . . . . . . . .        Func
@SubStr  . . . . . . . . . . . .        Func
ALIGNADDR  . . . . . . . . . . .        Proc
ASDOUBLE . . . . . . . . . . . .        Func
ASFLOAT  . . . . . . . . . . . .        Func
COMINTERFACE . . . . . . . . . .        Proc
CSTR . . . . . . . . . . . . . .        Func
CVIRTUAL . . . . . . . . . . . .        Proc
ENDCOMINTERFACE  . . . . . . . .        Proc
ENDMETHODS . . . . . . . . . . .        Proc
EXPAND_PREFIX  . . . . . . . . .        Func
FP10 . . . . . . . . . . . . . .        Func
FP4  . . . . . . . . . . . . . .        Func
FP8  . . . . . . . . . . . . . .        Func
GETMASK128 . . . . . . . . . . .        Proc
LOADMSD  . . . . . . . . . . . .        Proc
LOADMSS  . . . . . . . . . . . .        Proc
LOADPS . . . . . . . . . . . . .        Proc
LOADSS . . . . . . . . . . . . .        Proc
MEMALLOC . . . . . . . . . . . .        Proc
MEMFREE  . . . . . . . . . . . .        Proc
MOV128 . . . . . . . . . . . . .        Proc
MOV64  . . . . . . . . . . . . .        Proc
MOVXMMR128 . . . . . . . . . . .        Proc
NOTMASK128 . . . . . . . . . . .        Proc
R4P  . . . . . . . . . . . . . .        Func
R8P  . . . . . . . . . . . . . .        Func
REPARG . . . . . . . . . . . . .        Func
RV . . . . . . . . . . . . . . .        Func
SHIFTLEFT128 . . . . . . . . . .        Proc
SHIFTRIGHT128  . . . . . . . . .        Proc
SLXMMR . . . . . . . . . . . . .        Proc
SRXMMR . . . . . . . . . . . . .        Proc
UINVOKE  . . . . . . . . . . . .        Func
WSTR . . . . . . . . . . . . . .        Func
_V . . . . . . . . . . . . . . .        Func
_VINVOKE . . . . . . . . . . . .        Proc
arginvoke  . . . . . . . . . . .        Func


Structures and Unions:

                N a m e                 Size/Ofs   Type

__m128 . . . . . . . . . . . . .              10
  f32  . . . . . . . . . . . . .               0   __m128f
  i8 . . . . . . . . . . . . . .               0   __m128b
  i16  . . . . . . . . . . . . .               0   __m128w
  i32  . . . . . . . . . . . . .               0   __m128i
  d64  . . . . . . . . . . . . .               0   __m128d
  q64  . . . . . . . . . . . . .               0   __m128q
__m128b  . . . . . . . . . . . .              10
  b0 . . . . . . . . . . . . . .               0   Byte
  b1 . . . . . . . . . . . . . .               1   Byte
  b2 . . . . . . . . . . . . . .               2   Byte
  b3 . . . . . . . . . . . . . .               3   Byte
  b4 . . . . . . . . . . . . . .               4   Byte
  b5 . . . . . . . . . . . . . .               5   Byte
  b6 . . . . . . . . . . . . . .               6   Byte
  b7 . . . . . . . . . . . . . .               7   Byte
  b8 . . . . . . . . . . . . . .               8   Byte
  b9 . . . . . . . . . . . . . .               9   Byte
  b10  . . . . . . . . . . . . .               A   Byte
  b11  . . . . . . . . . . . . .               B   Byte
  b12  . . . . . . . . . . . . .               C   Byte
  b13  . . . . . . . . . . . . .               D   Byte
  b14  . . . . . . . . . . . . .               E   Byte
  b15  . . . . . . . . . . . . .               F   Byte
__m128d  . . . . . . . . . . . .              10
  d0 . . . . . . . . . . . . . .               0   
  d1 . . . . . . . . . . . . . .               8   
__m128f  . . . . . . . . . . . .              10
  f0 . . . . . . . . . . . . . .               0   
  f1 . . . . . . . . . . . . . .               4   
  f2 . . . . . . . . . . . . . .               8   
  f3 . . . . . . . . . . . . . .               C   
__m128i  . . . . . . . . . . . .              10
  i0 . . . . . . . . . . . . . .               0   DWord
  i1 . . . . . . . . . . . . . .               4   DWord
  i2 . . . . . . . . . . . . . .               8   DWord
  i3 . . . . . . . . . . . . . .               C   DWord
__m128q  . . . . . . . . . . . .              10
  q0 . . . . . . . . . . . . . .               0   QWord
  q1 . . . . . . . . . . . . . .               8   QWord
__m128w  . . . . . . . . . . . .              10
  w0 . . . . . . . . . . . . . .               0   Word
  w1 . . . . . . . . . . . . . .               2   Word
  w2 . . . . . . . . . . . . . .               4   Word
  w3 . . . . . . . . . . . . . .               6   Word
  w4 . . . . . . . . . . . . . .               8   Word
  w5 . . . . . . . . . . . . . .               A   Word
  w6 . . . . . . . . . . . . . .               C   Word
  w7 . . . . . . . . . . . . . .               E   Word
__m256 . . . . . . . . . . . . .              20
  f32  . . . . . . . . . . . . .               0   __m256f
  i8 . . . . . . . . . . . . . .               0   __m256b
  i16  . . . . . . . . . . . . .               0   __m256w
  i32  . . . . . . . . . . . . .               0   __m256i
  d64  . . . . . . . . . . . . .               0   __m256d
  q64  . . . . . . . . . . . . .               0   __m256q
__m256b  . . . . . . . . . . . .              20
  b0 . . . . . . . . . . . . . .               0   Byte
  b1 . . . . . . . . . . . . . .               1   Byte
  b2 . . . . . . . . . . . . . .               2   Byte
  b3 . . . . . . . . . . . . . .               3   Byte
  b4 . . . . . . . . . . . . . .               4   Byte
  b5 . . . . . . . . . . . . . .               5   Byte
  b6 . . . . . . . . . . . . . .               6   Byte
  b7 . . . . . . . . . . . . . .               7   Byte
  b8 . . . . . . . . . . . . . .               8   Byte
  b9 . . . . . . . . . . . . . .               9   Byte
  b10  . . . . . . . . . . . . .               A   Byte
  b11  . . . . . . . . . . . . .               B   Byte
  b12  . . . . . . . . . . . . .               C   Byte
  b13  . . . . . . . . . . . . .               D   Byte
  b14  . . . . . . . . . . . . .               E   Byte
  b15  . . . . . . . . . . . . .               F   Byte
  b16  . . . . . . . . . . . . .              10   Byte
  b17  . . . . . . . . . . . . .              11   Byte
  b18  . . . . . . . . . . . . .              12   Byte
  b19  . . . . . . . . . . . . .              13   Byte
  b20  . . . . . . . . . . . . .              14   Byte
  b21  . . . . . . . . . . . . .              15   Byte
  b22  . . . . . . . . . . . . .              16   Byte
  b23  . . . . . . . . . . . . .              17   Byte
  b24  . . . . . . . . . . . . .              18   Byte
  b25  . . . . . . . . . . . . .              19   Byte
  b26  . . . . . . . . . . . . .              1A   Byte
  b27  . . . . . . . . . . . . .              1B   Byte
  b28  . . . . . . . . . . . . .              1C   Byte
  b29  . . . . . . . . . . . . .              1D   Byte
  b30  . . . . . . . . . . . . .              1E   Byte
  b31  . . . . . . . . . . . . .              1F   Byte
__m256d  . . . . . . . . . . . .              20
  d0 . . . . . . . . . . . . . .               0   
  d1 . . . . . . . . . . . . . .               8   
  d2 . . . . . . . . . . . . . .              10   
  d3 . . . . . . . . . . . . . .              18   
__m256f  . . . . . . . . . . . .              20
  f0 . . . . . . . . . . . . . .               0   
  f1 . . . . . . . . . . . . . .               4   
  f2 . . . . . . . . . . . . . .               8   
  f3 . . . . . . . . . . . . . .               C   
  f4 . . . . . . . . . . . . . .              10   
  f5 . . . . . . . . . . . . . .              14   
  f6 . . . . . . . . . . . . . .              18   
  f7 . . . . . . . . . . . . . .              1C   
__m256i  . . . . . . . . . . . .              20
  i0 . . . . . . . . . . . . . .               0   DWord
  i1 . . . . . . . . . . . . . .               4   DWord
  i2 . . . . . . . . . . . . . .               8   DWord
  i3 . . . . . . . . . . . . . .               C   DWord
  i4 . . . . . . . . . . . . . .              10   DWord
  i5 . . . . . . . . . . . . . .              14   DWord
  i6 . . . . . . . . . . . . . .              18   DWord
  i7 . . . . . . . . . . . . . .              1C   DWord
__m256q  . . . . . . . . . . . .              20
  q0 . . . . . . . . . . . . . .               0   QWord
  q1 . . . . . . . . . . . . . .               8   QWord
  q2 . . . . . . . . . . . . . .              10   QWord
  q3 . . . . . . . . . . . . . .              18   QWord
__m256w  . . . . . . . . . . . .              20
  w0 . . . . . . . . . . . . . .               0   Word
  w1 . . . . . . . . . . . . . .               2   Word
  w2 . . . . . . . . . . . . . .               4   Word
  w3 . . . . . . . . . . . . . .               6   Word
  w4 . . . . . . . . . . . . . .               8   Word
  w5 . . . . . . . . . . . . . .               A   Word
  w6 . . . . . . . . . . . . . .               C   Word
  w7 . . . . . . . . . . . . . .               E   Word
  w8 . . . . . . . . . . . . . .              10   Word
  w9 . . . . . . . . . . . . . .              12   Word
  w10  . . . . . . . . . . . . .              14   Word
  w11  . . . . . . . . . . . . .              16   Word
  w12  . . . . . . . . . . . . .              18   Word
  w13  . . . . . . . . . . . . .              1A   Word
  w14  . . . . . . . . . . . . .              1C   Word
  w15  . . . . . . . . . . . . .              1E   Word
__m512 . . . . . . . . . . . . .              40
  f32  . . . . . . . . . . . . .               0   __m512f
  i8 . . . . . . . . . . . . . .               0   __m512b
  i16  . . . . . . . . . . . . .               0   __m512w
  i32  . . . . . . . . . . . . .               0   __m512i
  d64  . . . . . . . . . . . . .               0   __m512d
  q64  . . . . . . . . . . . . .               0   __m512q
__m512b  . . . . . . . . . . . .              40
  b0 . . . . . . . . . . . . . .               0   Byte
  b1 . . . . . . . . . . . . . .               1   Byte
  b2 . . . . . . . . . . . . . .               2   Byte
  b3 . . . . . . . . . . . . . .               3   Byte
  b4 . . . . . . . . . . . . . .               4   Byte
  b5 . . . . . . . . . . . . . .               5   Byte
  b6 . . . . . . . . . . . . . .               6   Byte
  b7 . . . . . . . . . . . . . .               7   Byte
  b8 . . . . . . . . . . . . . .               8   Byte
  b9 . . . . . . . . . . . . . .               9   Byte
  b10  . . . . . . . . . . . . .               A   Byte
  b11  . . . . . . . . . . . . .               B   Byte
  b12  . . . . . . . . . . . . .               C   Byte
  b13  . . . . . . . . . . . . .               D   Byte
  b14  . . . . . . . . . . . . .               E   Byte
  b15  . . . . . . . . . . . . .               F   Byte
  b16  . . . . . . . . . . . . .              10   Byte
  b17  . . . . . . . . . . . . .              11   Byte
  b18  . . . . . . . . . . . . .              12   Byte
  b19  . . . . . . . . . . . . .              13   Byte
  b20  . . . . . . . . . . . . .              14   Byte
  b21  . . . . . . . . . . . . .              15   Byte
  b22  . . . . . . . . . . . . .              16   Byte
  b23  . . . . . . . . . . . . .              17   Byte
  b24  . . . . . . . . . . . . .              18   Byte
  b25  . . . . . . . . . . . . .              19   Byte
  b26  . . . . . . . . . . . . .              1A   Byte
  b27  . . . . . . . . . . . . .              1B   Byte
  b28  . . . . . . . . . . . . .              1C   Byte
  b29  . . . . . . . . . . . . .              1D   Byte
  b30  . . . . . . . . . . . . .              1E   Byte
  b31  . . . . . . . . . . . . .              1F   Byte
  b32  . . . . . . . . . . . . .              20   Byte
  b33  . . . . . . . . . . . . .              21   Byte
  b34  . . . . . . . . . . . . .              22   Byte
  b35  . . . . . . . . . . . . .              23   Byte
  b36  . . . . . . . . . . . . .              24   Byte
  b37  . . . . . . . . . . . . .              25   Byte
  b38  . . . . . . . . . . . . .              26   Byte
  b39  . . . . . . . . . . . . .              27   Byte
  b40  . . . . . . . . . . . . .              28   Byte
  b41  . . . . . . . . . . . . .              29   Byte
  b42  . . . . . . . . . . . . .              2A   Byte
  b43  . . . . . . . . . . . . .              2B   Byte
  b44  . . . . . . . . . . . . .              2C   Byte
  b45  . . . . . . . . . . . . .              2D   Byte
  b46  . . . . . . . . . . . . .              2E   Byte
  b47  . . . . . . . . . . . . .              2F   Byte
  b48  . . . . . . . . . . . . .              30   Byte
  b49  . . . . . . . . . . . . .              31   Byte
  b50  . . . . . . . . . . . . .              32   Byte
  b51  . . . . . . . . . . . . .              33   Byte
  b52  . . . . . . . . . . . . .              34   Byte
  b53  . . . . . . . . . . . . .              35   Byte
  b54  . . . . . . . . . . . . .              36   Byte
  b55  . . . . . . . . . . . . .              37   Byte
  b56  . . . . . . . . . . . . .              38   Byte
  b57  . . . . . . . . . . . . .              39   Byte
  b58  . . . . . . . . . . . . .              3A   Byte
  b59  . . . . . . . . . . . . .              3B   Byte
  b60  . . . . . . . . . . . . .              3C   Byte
  b61  . . . . . . . . . . . . .              3D   Byte
  b62  . . . . . . . . . . . . .              3E   Byte
  b63  . . . . . . . . . . . . .              3F   Byte
__m512d  . . . . . . . . . . . .              40
  d0 . . . . . . . . . . . . . .               0   
  d1 . . . . . . . . . . . . . .               8   
  d2 . . . . . . . . . . . . . .              10   
  d3 . . . . . . . . . . . . . .              18   
  d4 . . . . . . . . . . . . . .              20   
  d5 . . . . . . . . . . . . . .              28   
  d6 . . . . . . . . . . . . . .              30   
  d7 . . . . . . . . . . . . . .              38   
__m512f  . . . . . . . . . . . .              40
  f0 . . . . . . . . . . . . . .               0   
  f1 . . . . . . . . . . . . . .               4   
  f2 . . . . . . . . . . . . . .               8   
  f3 . . . . . . . . . . . . . .               C   
  f4 . . . . . . . . . . . . . .              10   
  f5 . . . . . . . . . . . . . .              14   
  f6 . . . . . . . . . . . . . .              18   
  f7 . . . . . . . . . . . . . .              1C   
  f8 . . . . . . . . . . . . . .              20   
  f9 . . . . . . . . . . . . . .              24   
  f10  . . . . . . . . . . . . .              28   
  f11  . . . . . . . . . . . . .              2C   
  f12  . . . . . . . . . . . . .              30   
  f13  . . . . . . . . . . . . .              34   
  f14  . . . . . . . . . . . . .              38   
  f15  . . . . . . . . . . . . .              3C   
__m512i  . . . . . . . . . . . .              40
  i0 . . . . . . . . . . . . . .               0   DWord
  i1 . . . . . . . . . . . . . .               4   DWord
  i2 . . . . . . . . . . . . . .               8   DWord
  i3 . . . . . . . . . . . . . .               C   DWord
  i4 . . . . . . . . . . . . . .              10   DWord
  i5 . . . . . . . . . . . . . .              14   DWord
  i6 . . . . . . . . . . . . . .              18   DWord
  i7 . . . . . . . . . . . . . .              1C   DWord
  i8 . . . . . . . . . . . . . .              20   DWord
  i9 . . . . . . . . . . . . . .              24   DWord
  i10  . . . . . . . . . . . . .              28   DWord
  i11  . . . . . . . . . . . . .              2C   DWord
  i12  . . . . . . . . . . . . .              30   DWord
  i13  . . . . . . . . . . . . .              34   DWord
  i14  . . . . . . . . . . . . .              38   DWord
  i15  . . . . . . . . . . . . .              3C   DWord
__m512q  . . . . . . . . . . . .              40
  q0 . . . . . . . . . . . . . .               0   QWord
  q1 . . . . . . . . . . . . . .               8   QWord
  q2 . . . . . . . . . . . . . .              10   QWord
  q3 . . . . . . . . . . . . . .              18   QWord
  q4 . . . . . . . . . . . . . .              20   QWord
  q5 . . . . . . . . . . . . . .              28   QWord
  q6 . . . . . . . . . . . . . .              30   QWord
  q7 . . . . . . . . . . . . . .              38   QWord
__m512w  . . . . . . . . . . . .              40
  w0 . . . . . . . . . . . . . .               0   Word
  w1 . . . . . . . . . . . . . .               2   Word
  w2 . . . . . . . . . . . . . .               4   Word
  w3 . . . . . . . . . . . . . .               6   Word
  w4 . . . . . . . . . . . . . .               8   Word
  w5 . . . . . . . . . . . . . .               A   Word
  w6 . . . . . . . . . . . . . .               C   Word
  w7 . . . . . . . . . . . . . .               E   Word
  w8 . . . . . . . . . . . . . .              10   Word
  w9 . . . . . . . . . . . . . .              12   Word
  w10  . . . . . . . . . . . . .              14   Word
  w11  . . . . . . . . . . . . .              16   Word
  w12  . . . . . . . . . . . . .              18   Word
  w13  . . . . . . . . . . . . .              1A   Word
  w14  . . . . . . . . . . . . .              1C   Word
  w15  . . . . . . . . . . . . .              1E   Word
  w16  . . . . . . . . . . . . .              20   Word
  w17  . . . . . . . . . . . . .              22   Word
  w18  . . . . . . . . . . . . .              24   Word
  w19  . . . . . . . . . . . . .              26   Word
  w20  . . . . . . . . . . . . .              28   Word
  w21  . . . . . . . . . . . . .              2A   Word
  w22  . . . . . . . . . . . . .              2C   Word
  w23  . . . . . . . . . . . . .              2E   Word
  w24  . . . . . . . . . . . . .              30   Word
  w25  . . . . . . . . . . . . .              32   Word
  w26  . . . . . . . . . . . . .              34   Word
  w27  . . . . . . . . . . . . .              36   Word
  w28  . . . . . . . . . . . . .              38   Word
  w29  . . . . . . . . . . . . .              3A   Word
  w30  . . . . . . . . . . . . .              3C   Word
  w31  . . . . . . . . . . . . .              3E   Word


Segments and Groups:

                N a m e                 Size     Length   Align   Combine Class

DATA . . . . . . . . . . . . . .        16 Bit   0100     Para    Stack   'DATA'
SNAKE_TEXT . . . . . . . . . . .        32 Bit   00000000 Para    Public  'CODE'
seg001 . . . . . . . . . . . . .        16 Bit   02E8     Byte    Public  'CODE'
DGROUP . . . . . . . . . . . . .        GROUP
_DATA  . . . . . . . . . . . . .        32 Bit   00000000 Para    Public  'DATA'


Procedures, parameters and locals:

                N a m e                 Type     Value    Segment  Length

delay  . . . . . . . . . . . . .        P Near   0024     seg001   000D Public   
  loc_10198  . . . . . . . . . .        L Near   002A     seg001
dispdigit  . . . . . . . . . . .        P Near   00B0     seg001   0008 Public   
dispnum  . . . . . . . . . . . .        P Near   00B8     seg001   0017 Public   
  loc_1023E  . . . . . . . . . .        L Near   00CC     seg001
draw . . . . . . . . . . . . . .        P Near   00D8     seg001   0042 Public   
  loc_10279  . . . . . . . . . .        L Near   0107     seg001
  loc_10268  . . . . . . . . . .        L Near   00F6     seg001
fruitgeneration  . . . . . . . .        P Near   0031     seg001   007F Public   
  loc_101EC  . . . . . . . . . .        L Near   007A     seg001
  locret_10221 . . . . . . . . .        L Near   00AF     seg001
  loc_101AB  . . . . . . . . . .        L Near   0039     seg001
keyboardfunctions  . . . . . . .        P Near   012A     seg001   005A Public   
  loc_102EB  . . . . . . . . . .        L Near   0179     seg001
  loc_102C8  . . . . . . . . . .        L Near   0156     seg001
  loc_102DA  . . . . . . . . . .        L Near   0168     seg001
  loc_102B6  . . . . . . . . . .        L Near   0144     seg001
  loc_102F1  . . . . . . . . . .        L Near   017F     seg001
main . . . . . . . . . . . . . .        P Near   0000     seg001   0024 Public   
printbox . . . . . . . . . . . .        P Near   022D     seg001   002F Public   
  loc_103A8  . . . . . . . . . .        L Near   0236     seg001
  loc_103BC  . . . . . . . . . .        L Near   024A     seg001
  loc_103B2  . . . . . . . . . .        L Near   0240     seg001
  loc_103C6  . . . . . . . . . .        L Near   0254     seg001
readchar . . . . . . . . . . . .        P Near   011A     seg001   0010 Public   
  loc_10295  . . . . . . . . . .        L Near   0123     seg001
readcharat . . . . . . . . . . .        P Near   0287     seg001   002B Public   
setcursorpos . . . . . . . . . .        P Near   00CF     seg001   0009 Public   
shiftsnake . . . . . . . . . . .        P Near   0184     seg001   00A9 Public   
  loc_1036C  . . . . . . . . . .        L Near   01FA     seg001
  loc_1033E  . . . . . . . . . .        L Near   01CC     seg001
  loc_10317  . . . . . . . . . .        L Near   01A5     seg001
  loc_1032A  . . . . . . . . . .        L Near   01B8     seg001
  loc_10334  . . . . . . . . . .        L Near   01C2     seg001
  loc_10305  . . . . . . . . . .        L Near   0193     seg001
  loc_1033C  . . . . . . . . . .        L Near   01CA     seg001
  loc_10371  . . . . . . . . . .        L Near   01FF     seg001
writecharat  . . . . . . . . . .        P Near   025C     seg001   002B Public   
writestringat  . . . . . . . . .        P Near   02B2     seg001   0036 Public   
  loc_10458  . . . . . . . . . .        L Near   02E6     seg001
  loc_1044A  . . . . . . . . . .        L Near   02D8     seg001


Symbols:

                N a m e                 Type       Value     Attr

@CodeSize  . . . . . . . . . . .        Number             1h 
@DataSize  . . . . . . . . . . .        Number             1h 
@Interface . . . . . . . . . . .        Number             0h 
@Model . . . . . . . . . . . . .        Number             5h 
@code  . . . . . . . . . . . . .        Text   SNAKE_TEXT
@data  . . . . . . . . . . . . .        Text   DGROUP
@stack . . . . . . . . . . . . .        Text   DGROUP
aThanksForPlayi  . . . . . . . .        Byte[37]          78h DATA 
argc . . . . . . . . . . . . . .        DWord              2h 
argv . . . . . . . . . . . . . .        DWord              6h 
body . . . . . . . . . . . . . .        Byte              C4h DATA 
delaytime  . . . . . . . . . . .        Byte              FAh DATA 
envp . . . . . . . . . . . . . .        DWord              Ah 
fruitactive  . . . . . . . . . .        Byte              F5h DATA 
fruitx . . . . . . . . . . . . .        Byte              F6h DATA 
fruity . . . . . . . . . . . . .        Byte              F7h DATA 
gameover . . . . . . . . . . . .        Byte              F8h DATA 
gameovermsg  . . . . . . . . . .        Byte[28]          9Dh DATA 
head . . . . . . . . . . . . . .        Byte              C1h DATA 
instructions . . . . . . . . . .        Byte              1Ch DATA 
msg  . . . . . . . . . . . . . .        Byte[28]           0h DATA 
quit . . . . . . . . . . . . . .        Byte              F9h DATA 
scoremsg . . . . . . . . . . . .        Byte[8]           B9h DATA 
segmentcount . . . . . . . . . .        Byte              F4h DATA 

./snake.asm: 632 lines, 2 passes, 6517 ms, 0 warnings, 0 errors
